c:\users\ben\documents\visual studio 2013\projects\amppathtracer\amppathtracer\debug\vc120.pdb
c:\users\ben\documents\visual studio 2013\projects\amppathtracer\amppathtracer\debug\vc120.idb
c:\users\ben\documents\visual studio 2013\projects\amppathtracer\amppathtracer\debug\scene.obj
c:\users\ben\documents\visual studio 2013\projects\amppathtracer\amppathtracer\debug\sceneobject.obj
c:\users\ben\documents\visual studio 2013\projects\amppathtracer\debug\amppathtracer.ilk
c:\users\ben\documents\visual studio 2013\projects\amppathtracer\debug\amppathtracer.exe
c:\users\ben\documents\visual studio 2013\projects\amppathtracer\debug\amppathtracer.pdb
c:\users\ben\documents\visual studio 2013\projects\amppathtracer\amppathtracer\debug\amppathtracer.tlog\cl.command.1.tlog
c:\users\ben\documents\visual studio 2013\projects\amppathtracer\amppathtracer\debug\amppathtracer.tlog\cl.read.1.tlog
c:\users\ben\documents\visual studio 2013\projects\amppathtracer\amppathtracer\debug\amppathtracer.tlog\cl.read.2.tlog
c:\users\ben\documents\visual studio 2013\projects\amppathtracer\amppathtracer\debug\amppathtracer.tlog\cl.read.3.tlog
c:\users\ben\documents\visual studio 2013\projects\amppathtracer\amppathtracer\debug\amppathtracer.tlog\cl.read.4.tlog
c:\users\ben\documents\visual studio 2013\projects\amppathtracer\amppathtracer\debug\amppathtracer.tlog\cl.read.5.tlog
c:\users\ben\documents\visual studio 2013\projects\amppathtracer\amppathtracer\debug\amppathtracer.tlog\cl.write.1.tlog
c:\users\ben\documents\visual studio 2013\projects\amppathtracer\amppathtracer\debug\amppathtracer.tlog\cl.write.2.tlog
c:\users\ben\documents\visual studio 2013\projects\amppathtracer\amppathtracer\debug\amppathtracer.tlog\cl.write.3.tlog
c:\users\ben\documents\visual studio 2013\projects\amppathtracer\amppathtracer\debug\amppathtracer.tlog\cl.write.4.tlog
c:\users\ben\documents\visual studio 2013\projects\amppathtracer\amppathtracer\debug\amppathtracer.tlog\cl.write.5.tlog
c:\users\ben\documents\visual studio 2013\projects\amppathtracer\amppathtracer\debug\amppathtracer.tlog\link.command.1.tlog
c:\users\ben\documents\visual studio 2013\projects\amppathtracer\amppathtracer\debug\amppathtracer.tlog\link.read.1.tlog
c:\users\ben\documents\visual studio 2013\projects\amppathtracer\amppathtracer\debug\amppathtracer.tlog\link.write.1.tlog
