Build started 06/04/2014 23:53:18.
     1>Project "C:\Users\Ben\documents\visual studio 2013\Projects\AMPPathTracer\AMPPathTracer\AMPPathTracer.vcxproj" on node 2 (Build target(s)).
     1>ClCompile:
         C:\Program Files (x86)\Microsoft Visual Studio 12.0\VC\bin\CL.exe /c /I"../SFML-2.1/include" /Zi /nologo /W3 /WX- /Od /Oy- /GL /D WIN32 /D _DEBUG /D _CONSOLE /D _LIB /D _UNICODE /D UNICODE /Gm /EHsc /RTC1 /MDd /GS /fp:precise /Zc:wchar_t /Zc:forScope /Fo"Debug\\" /Fd"Debug\vc120.pdb" /Gd /TP /analyze- /errorReport:prompt main.cpp
         main.cpp
     1>main.cpp(49): warning C4244: 'argument' : conversion from 'time_t' to 'unsigned int', possible loss of data
     1>main.cpp(260): warning C4244: 'argument' : conversion from 'int' to 'float', possible loss of data
     1>main.cpp(270): warning C4244: 'argument' : conversion from 'float' to 'int', possible loss of data
     1>main.cpp(260): warning C4244: 'argument' : conversion from 'const int' to 'float', possible loss of data
       Link:
         C:\Program Files (x86)\Microsoft Visual Studio 12.0\VC\bin\link.exe /ERRORREPORT:PROMPT /OUT:"C:\Users\Ben\documents\visual studio 2013\Projects\AMPPathTracer\Debug\AMPPathTracer.exe" /INCREMENTAL /NOLOGO /LIBPATH:"../SFML-2.1/lib/Win32/Debug" "sfml-system-d.lib" "sfml-graphics-d.lib" "sfml-window-d.lib" kernel32.lib user32.lib gdi32.lib winspool.lib comdlg32.lib advapi32.lib shell32.lib ole32.lib oleaut32.lib uuid.lib odbc32.lib odbccp32.lib /MANIFEST /MANIFESTUAC:"level='asInvoker' uiAccess='false'" /manifest:embed /DEBUG /PDB:"C:\Users\Ben\documents\visual studio 2013\Projects\AMPPathTracer\Debug\AMPPathTracer.pdb" /SUBSYSTEM:CONSOLE /LTCG /TLBID:1 /DYNAMICBASE /NXCOMPAT /IMPLIB:"C:\Users\Ben\documents\visual studio 2013\Projects\AMPPathTracer\Debug\AMPPathTracer.lib" /MACHINE:X86 Debug\main.obj
         Debug\Scene.obj
         Debug\SceneObject.obj
     1>LINK : warning LNK4075: ignoring '/INCREMENTAL' due to '/LTCG' specification
         Generating code
         Finished generating code
         AMPPathTracer.vcxproj -> C:\Users\Ben\documents\visual studio 2013\Projects\AMPPathTracer\Debug\AMPPathTracer.exe
     1>Done Building Project "C:\Users\Ben\documents\visual studio 2013\Projects\AMPPathTracer\AMPPathTracer\AMPPathTracer.vcxproj" (Build target(s)).

Build succeeded.

Time Elapsed 00:00:08.11
